<?xml version="1.0" encoding="UTF-8"?>
<testsuite xmlns:xsi="http://www.w3.org/2001/XMLSchema-instance" xsi:noNamespaceSchemaLocation="https://maven.apache.org/surefire/maven-surefire-plugin/xsd/surefire-test-report-3.0.xsd" version="3.0" name="com.google.cloud.spanner.pgadapter.metadata.CommandMetadataParserTest(sponge_log)" time="0" tests="5" errors="0" skipped="0" failures="0">
  <properties>
    <property name="sun.desktop" value="gnome"/>
    <property name="awt.toolkit" value="sun.awt.X11.XToolkit"/>
    <property name="java.specification.version" value="11"/>
    <property name="sun.cpu.isalist" value=""/>
    <property name="sun.jnu.encoding" value="UTF-8"/>
    <property name="java.class.path" value="/usr/local/google/home/jsking/tmp/pgadapter-tmp/target/test-classes:/usr/local/google/home/jsking/tmp/pgadapter-tmp/target/classes:/usr/local/google/home/jsking/.m2/repository/com/googlecode/json-simple/json-simple/1.1.1/json-simple-1.1.1.jar:/usr/local/google/home/jsking/.m2/repository/com/google/cloud/google-cloud-spanner-jdbc/2.0.3-pg-SNAPSHOT/google-cloud-spanner-jdbc-2.0.3-pg-SNAPSHOT.jar:/usr/local/google/home/jsking/.m2/repository/com/google/http-client/google-http-client/1.39.2/google-http-client-1.39.2.jar:/usr/local/google/home/jsking/.m2/repository/org/apache/httpcomponents/httpclient/4.5.13/httpclient-4.5.13.jar:/usr/local/google/home/jsking/.m2/repository/org/apache/httpcomponents/httpcore/4.4.14/httpcore-4.4.14.jar:/usr/local/google/home/jsking/.m2/repository/com/google/j2objc/j2objc-annotations/1.3/j2objc-annotations-1.3.jar:/usr/local/google/home/jsking/.m2/repository/io/opencensus/opencensus-api/0.28.0/opencensus-api-0.28.0.jar:/usr/local/google/home/jsking/.m2/repository/io/opencensus/opencensus-contrib-http-util/0.28.0/opencensus-contrib-http-util-0.28.0.jar:/usr/local/google/home/jsking/.m2/repository/io/grpc/grpc-api/1.37.0/grpc-api-1.37.0.jar:/usr/local/google/home/jsking/.m2/repository/io/grpc/grpc-context/1.37.0/grpc-context-1.37.0.jar:/usr/local/google/home/jsking/.m2/repository/org/codehaus/mojo/animal-sniffer-annotations/1.20/animal-sniffer-annotations-1.20.jar:/usr/local/google/home/jsking/.m2/repository/com/google/cloud/google-cloud-core-grpc/1.94.8/google-cloud-core-grpc-1.94.8.jar:/usr/local/google/home/jsking/.m2/repository/com/google/api/gax/1.64.0/gax-1.64.0.jar:/usr/local/google/home/jsking/.m2/repository/io/grpc/grpc-core/1.37.0/grpc-core-1.37.0.jar:/usr/local/google/home/jsking/.m2/repository/com/google/api/grpc/proto-google-common-protos/2.1.0/proto-google-common-protos-2.1.0.jar:/usr/local/google/home/jsking/.m2/repository/com/google/cloud/google-cloud-spanner/6.4.5-pg-SNAPSHOT/google-cloud-spanner-6.4.5-pg-SNAPSHOT.jar:/usr/local/google/home/jsking/.m2/repository/io/grpc/grpc-auth/1.37.0/grpc-auth-1.37.0.jar:/usr/local/google/home/jsking/.m2/repository/com/google/android/annotations/4.1.1.4/annotations-4.1.1.4.jar:/usr/local/google/home/jsking/.m2/repository/io/perfmark/perfmark-api/0.23.0/perfmark-api-0.23.0.jar:/usr/local/google/home/jsking/.m2/repository/io/grpc/grpc-protobuf/1.37.0/grpc-protobuf-1.37.0.jar:/usr/local/google/home/jsking/.m2/repository/io/grpc/grpc-protobuf-lite/1.37.0/grpc-protobuf-lite-1.37.0.jar:/usr/local/google/home/jsking/.m2/repository/io/grpc/grpc-stub/1.37.0/grpc-stub-1.37.0.jar:/usr/local/google/home/jsking/.m2/repository/com/google/errorprone/error_prone_annotations/2.6.0/error_prone_annotations-2.6.0.jar:/usr/local/google/home/jsking/.m2/repository/com/google/auto/value/auto-value-annotations/1.8.1/auto-value-annotations-1.8.1.jar:/usr/local/google/home/jsking/.m2/repository/com/google/protobuf/protobuf-java-util/3.16.0/protobuf-java-util-3.16.0.jar:/usr/local/google/home/jsking/.m2/repository/com/google/api/grpc/grpc-google-common-protos/2.1.0/grpc-google-common-protos-2.1.0.jar:/usr/local/google/home/jsking/.m2/repository/com/google/guava/failureaccess/1.0.1/failureaccess-1.0.1.jar:/usr/local/google/home/jsking/.m2/repository/com/google/guava/listenablefuture/9999.0-empty-to-avoid-conflict-with-guava/listenablefuture-9999.0-empty-to-avoid-conflict-with-guava.jar:/usr/local/google/home/jsking/.m2/repository/org/checkerframework/checker-compat-qual/2.5.5/checker-compat-qual-2.5.5.jar:/usr/local/google/home/jsking/.m2/repository/com/google/api/grpc/proto-google-iam-v1/1.0.13/proto-google-iam-v1-1.0.13.jar:/usr/local/google/home/jsking/.m2/repository/com/google/http-client/google-http-client-gson/1.39.2/google-http-client-gson-1.39.2.jar:/usr/local/google/home/jsking/.m2/repository/io/opencensus/opencensus-contrib-grpc-util/0.28.0/opencensus-contrib-grpc-util-0.28.0.jar:/usr/local/google/home/jsking/.m2/repository/commons-logging/commons-logging/1.2/commons-logging-1.2.jar:/usr/local/google/home/jsking/.m2/repository/commons-codec/commons-codec/1.15/commons-codec-1.15.jar:/usr/local/google/home/jsking/.m2/repository/com/google/api/grpc/proto-google-cloud-spanner-admin-instance-v1/6.4.5-pg-SNAPSHOT/proto-google-cloud-spanner-admin-instance-v1-6.4.5-pg-SNAPSHOT.jar:/usr/local/google/home/jsking/.m2/repository/com/google/api/grpc/proto-google-cloud-spanner-admin-database-v1/6.4.5-pg-SNAPSHOT/proto-google-cloud-spanner-admin-database-v1-6.4.5-pg-SNAPSHOT.jar:/usr/local/google/home/jsking/.m2/repository/com/google/api/grpc/grpc-google-cloud-spanner-admin-instance-v1/6.4.5-pg-SNAPSHOT/grpc-google-cloud-spanner-admin-instance-v1-6.4.5-pg-SNAPSHOT.jar:/usr/local/google/home/jsking/.m2/repository/com/google/api/grpc/grpc-google-cloud-spanner-v1/6.4.5-pg-SNAPSHOT/grpc-google-cloud-spanner-v1-6.4.5-pg-SNAPSHOT.jar:/usr/local/google/home/jsking/.m2/repository/com/google/api/grpc/grpc-google-cloud-spanner-admin-database-v1/6.4.5-pg-SNAPSHOT/grpc-google-cloud-spanner-admin-database-v1-6.4.5-pg-SNAPSHOT.jar:/usr/local/google/home/jsking/.m2/repository/com/google/code/gson/gson/2.8.6/gson-2.8.6.jar:/usr/local/google/home/jsking/.m2/repository/io/grpc/grpc-grpclb/1.37.0/grpc-grpclb-1.37.0.jar:/usr/local/google/home/jsking/.m2/repository/org/conscrypt/conscrypt-openjdk-uber/2.5.1/conscrypt-openjdk-uber-2.5.1.jar:/usr/local/google/home/jsking/.m2/repository/javax/annotation/javax.annotation-api/1.3.2/javax.annotation-api-1.3.2.jar:/usr/local/google/home/jsking/.m2/repository/io/grpc/grpc-alts/1.37.0/grpc-alts-1.37.0.jar:/usr/local/google/home/jsking/.m2/repository/com/google/protobuf/protobuf-java/3.16.0/protobuf-java-3.16.0.jar:/usr/local/google/home/jsking/.m2/repository/com/google/guava/guava/30.1.1-android/guava-30.1.1-android.jar:/usr/local/google/home/jsking/.m2/repository/org/threeten/threetenbp/1.5.1/threetenbp-1.5.1.jar:/usr/local/google/home/jsking/.m2/repository/io/grpc/grpc-netty-shaded/1.37.0/grpc-netty-shaded-1.37.0.jar:/usr/local/google/home/jsking/.m2/repository/com/google/api/api-common/1.10.3/api-common-1.10.3.jar:/usr/local/google/home/jsking/.m2/repository/com/google/code/findbugs/jsr305/3.0.2/jsr305-3.0.2.jar:/usr/local/google/home/jsking/.m2/repository/com/google/auth/google-auth-library-oauth2-http/0.25.5/google-auth-library-oauth2-http-0.25.5.jar:/usr/local/google/home/jsking/.m2/repository/com/google/auth/google-auth-library-credentials/0.25.5/google-auth-library-credentials-0.25.5.jar:/usr/local/google/home/jsking/.m2/repository/com/google/cloud/google-cloud-core/1.94.8/google-cloud-core-1.94.8.jar:/usr/local/google/home/jsking/.m2/repository/com/google/api/grpc/proto-google-cloud-spanner-v1/6.4.5-pg-SNAPSHOT/proto-google-cloud-spanner-v1-6.4.5-pg-SNAPSHOT.jar:/usr/local/google/home/jsking/.m2/repository/com/google/api/gax-grpc/1.64.0/gax-grpc-1.64.0.jar:/usr/local/google/home/jsking/.m2/repository/org/postgresql/postgresql/42.2.5/postgresql-42.2.5.jar:/usr/local/google/home/jsking/.m2/repository/commons-cli/commons-cli/1.4/commons-cli-1.4.jar:/usr/local/google/home/jsking/.m2/repository/junit/junit/4.12/junit-4.12.jar:/usr/local/google/home/jsking/.m2/repository/org/hamcrest/hamcrest-core/1.3/hamcrest-core-1.3.jar:/usr/local/google/home/jsking/.m2/repository/org/mockito/mockito-core/3.2.4/mockito-core-3.2.4.jar:/usr/local/google/home/jsking/.m2/repository/net/bytebuddy/byte-buddy/1.10.5/byte-buddy-1.10.5.jar:/usr/local/google/home/jsking/.m2/repository/net/bytebuddy/byte-buddy-agent/1.10.5/byte-buddy-agent-1.10.5.jar:/usr/local/google/home/jsking/.m2/repository/org/objenesis/objenesis/2.6/objenesis-2.6.jar:"/>
    <property name="java.vm.vendor" value="Google Inc."/>
    <property name="sun.arch.data.model" value="64"/>
    <property name="java.vendor.url" value="https://goto.google.com/java-platform"/>
    <property name="user.timezone" value=""/>
    <property name="java.vm.specification.version" value="11"/>
    <property name="os.name" value="Linux"/>
    <property name="sun.java.launcher" value="SUN_STANDARD"/>
    <property name="user.country" value="US"/>
    <property name="sun.boot.library.path" value="/usr/local/buildtools/java/jdk11/lib"/>
    <property name="sun.java.command" value="/usr/local/google/home/jsking/tmp/pgadapter-tmp/target/surefire/surefirebooter2597106881654866262.jar /usr/local/google/home/jsking/tmp/pgadapter-tmp/target/surefire 2021-07-13T17-17-08_834-jvmRun1 surefire3410202576228737652tmp surefire_013447276817514631849tmp"/>
    <property name="jdk.debug" value="release"/>
    <property name="surefire.test.class.path" value="/usr/local/google/home/jsking/tmp/pgadapter-tmp/target/test-classes:/usr/local/google/home/jsking/tmp/pgadapter-tmp/target/classes:/usr/local/google/home/jsking/.m2/repository/com/googlecode/json-simple/json-simple/1.1.1/json-simple-1.1.1.jar:/usr/local/google/home/jsking/.m2/repository/com/google/cloud/google-cloud-spanner-jdbc/2.0.3-pg-SNAPSHOT/google-cloud-spanner-jdbc-2.0.3-pg-SNAPSHOT.jar:/usr/local/google/home/jsking/.m2/repository/com/google/http-client/google-http-client/1.39.2/google-http-client-1.39.2.jar:/usr/local/google/home/jsking/.m2/repository/org/apache/httpcomponents/httpclient/4.5.13/httpclient-4.5.13.jar:/usr/local/google/home/jsking/.m2/repository/org/apache/httpcomponents/httpcore/4.4.14/httpcore-4.4.14.jar:/usr/local/google/home/jsking/.m2/repository/com/google/j2objc/j2objc-annotations/1.3/j2objc-annotations-1.3.jar:/usr/local/google/home/jsking/.m2/repository/io/opencensus/opencensus-api/0.28.0/opencensus-api-0.28.0.jar:/usr/local/google/home/jsking/.m2/repository/io/opencensus/opencensus-contrib-http-util/0.28.0/opencensus-contrib-http-util-0.28.0.jar:/usr/local/google/home/jsking/.m2/repository/io/grpc/grpc-api/1.37.0/grpc-api-1.37.0.jar:/usr/local/google/home/jsking/.m2/repository/io/grpc/grpc-context/1.37.0/grpc-context-1.37.0.jar:/usr/local/google/home/jsking/.m2/repository/org/codehaus/mojo/animal-sniffer-annotations/1.20/animal-sniffer-annotations-1.20.jar:/usr/local/google/home/jsking/.m2/repository/com/google/cloud/google-cloud-core-grpc/1.94.8/google-cloud-core-grpc-1.94.8.jar:/usr/local/google/home/jsking/.m2/repository/com/google/api/gax/1.64.0/gax-1.64.0.jar:/usr/local/google/home/jsking/.m2/repository/io/grpc/grpc-core/1.37.0/grpc-core-1.37.0.jar:/usr/local/google/home/jsking/.m2/repository/com/google/api/grpc/proto-google-common-protos/2.1.0/proto-google-common-protos-2.1.0.jar:/usr/local/google/home/jsking/.m2/repository/com/google/cloud/google-cloud-spanner/6.4.5-pg-SNAPSHOT/google-cloud-spanner-6.4.5-pg-SNAPSHOT.jar:/usr/local/google/home/jsking/.m2/repository/io/grpc/grpc-auth/1.37.0/grpc-auth-1.37.0.jar:/usr/local/google/home/jsking/.m2/repository/com/google/android/annotations/4.1.1.4/annotations-4.1.1.4.jar:/usr/local/google/home/jsking/.m2/repository/io/perfmark/perfmark-api/0.23.0/perfmark-api-0.23.0.jar:/usr/local/google/home/jsking/.m2/repository/io/grpc/grpc-protobuf/1.37.0/grpc-protobuf-1.37.0.jar:/usr/local/google/home/jsking/.m2/repository/io/grpc/grpc-protobuf-lite/1.37.0/grpc-protobuf-lite-1.37.0.jar:/usr/local/google/home/jsking/.m2/repository/io/grpc/grpc-stub/1.37.0/grpc-stub-1.37.0.jar:/usr/local/google/home/jsking/.m2/repository/com/google/errorprone/error_prone_annotations/2.6.0/error_prone_annotations-2.6.0.jar:/usr/local/google/home/jsking/.m2/repository/com/google/auto/value/auto-value-annotations/1.8.1/auto-value-annotations-1.8.1.jar:/usr/local/google/home/jsking/.m2/repository/com/google/protobuf/protobuf-java-util/3.16.0/protobuf-java-util-3.16.0.jar:/usr/local/google/home/jsking/.m2/repository/com/google/api/grpc/grpc-google-common-protos/2.1.0/grpc-google-common-protos-2.1.0.jar:/usr/local/google/home/jsking/.m2/repository/com/google/guava/failureaccess/1.0.1/failureaccess-1.0.1.jar:/usr/local/google/home/jsking/.m2/repository/com/google/guava/listenablefuture/9999.0-empty-to-avoid-conflict-with-guava/listenablefuture-9999.0-empty-to-avoid-conflict-with-guava.jar:/usr/local/google/home/jsking/.m2/repository/org/checkerframework/checker-compat-qual/2.5.5/checker-compat-qual-2.5.5.jar:/usr/local/google/home/jsking/.m2/repository/com/google/api/grpc/proto-google-iam-v1/1.0.13/proto-google-iam-v1-1.0.13.jar:/usr/local/google/home/jsking/.m2/repository/com/google/http-client/google-http-client-gson/1.39.2/google-http-client-gson-1.39.2.jar:/usr/local/google/home/jsking/.m2/repository/io/opencensus/opencensus-contrib-grpc-util/0.28.0/opencensus-contrib-grpc-util-0.28.0.jar:/usr/local/google/home/jsking/.m2/repository/commons-logging/commons-logging/1.2/commons-logging-1.2.jar:/usr/local/google/home/jsking/.m2/repository/commons-codec/commons-codec/1.15/commons-codec-1.15.jar:/usr/local/google/home/jsking/.m2/repository/com/google/api/grpc/proto-google-cloud-spanner-admin-instance-v1/6.4.5-pg-SNAPSHOT/proto-google-cloud-spanner-admin-instance-v1-6.4.5-pg-SNAPSHOT.jar:/usr/local/google/home/jsking/.m2/repository/com/google/api/grpc/proto-google-cloud-spanner-admin-database-v1/6.4.5-pg-SNAPSHOT/proto-google-cloud-spanner-admin-database-v1-6.4.5-pg-SNAPSHOT.jar:/usr/local/google/home/jsking/.m2/repository/com/google/api/grpc/grpc-google-cloud-spanner-admin-instance-v1/6.4.5-pg-SNAPSHOT/grpc-google-cloud-spanner-admin-instance-v1-6.4.5-pg-SNAPSHOT.jar:/usr/local/google/home/jsking/.m2/repository/com/google/api/grpc/grpc-google-cloud-spanner-v1/6.4.5-pg-SNAPSHOT/grpc-google-cloud-spanner-v1-6.4.5-pg-SNAPSHOT.jar:/usr/local/google/home/jsking/.m2/repository/com/google/api/grpc/grpc-google-cloud-spanner-admin-database-v1/6.4.5-pg-SNAPSHOT/grpc-google-cloud-spanner-admin-database-v1-6.4.5-pg-SNAPSHOT.jar:/usr/local/google/home/jsking/.m2/repository/com/google/code/gson/gson/2.8.6/gson-2.8.6.jar:/usr/local/google/home/jsking/.m2/repository/io/grpc/grpc-grpclb/1.37.0/grpc-grpclb-1.37.0.jar:/usr/local/google/home/jsking/.m2/repository/org/conscrypt/conscrypt-openjdk-uber/2.5.1/conscrypt-openjdk-uber-2.5.1.jar:/usr/local/google/home/jsking/.m2/repository/javax/annotation/javax.annotation-api/1.3.2/javax.annotation-api-1.3.2.jar:/usr/local/google/home/jsking/.m2/repository/io/grpc/grpc-alts/1.37.0/grpc-alts-1.37.0.jar:/usr/local/google/home/jsking/.m2/repository/com/google/protobuf/protobuf-java/3.16.0/protobuf-java-3.16.0.jar:/usr/local/google/home/jsking/.m2/repository/com/google/guava/guava/30.1.1-android/guava-30.1.1-android.jar:/usr/local/google/home/jsking/.m2/repository/org/threeten/threetenbp/1.5.1/threetenbp-1.5.1.jar:/usr/local/google/home/jsking/.m2/repository/io/grpc/grpc-netty-shaded/1.37.0/grpc-netty-shaded-1.37.0.jar:/usr/local/google/home/jsking/.m2/repository/com/google/api/api-common/1.10.3/api-common-1.10.3.jar:/usr/local/google/home/jsking/.m2/repository/com/google/code/findbugs/jsr305/3.0.2/jsr305-3.0.2.jar:/usr/local/google/home/jsking/.m2/repository/com/google/auth/google-auth-library-oauth2-http/0.25.5/google-auth-library-oauth2-http-0.25.5.jar:/usr/local/google/home/jsking/.m2/repository/com/google/auth/google-auth-library-credentials/0.25.5/google-auth-library-credentials-0.25.5.jar:/usr/local/google/home/jsking/.m2/repository/com/google/cloud/google-cloud-core/1.94.8/google-cloud-core-1.94.8.jar:/usr/local/google/home/jsking/.m2/repository/com/google/api/grpc/proto-google-cloud-spanner-v1/6.4.5-pg-SNAPSHOT/proto-google-cloud-spanner-v1-6.4.5-pg-SNAPSHOT.jar:/usr/local/google/home/jsking/.m2/repository/com/google/api/gax-grpc/1.64.0/gax-grpc-1.64.0.jar:/usr/local/google/home/jsking/.m2/repository/org/postgresql/postgresql/42.2.5/postgresql-42.2.5.jar:/usr/local/google/home/jsking/.m2/repository/commons-cli/commons-cli/1.4/commons-cli-1.4.jar:/usr/local/google/home/jsking/.m2/repository/junit/junit/4.12/junit-4.12.jar:/usr/local/google/home/jsking/.m2/repository/org/hamcrest/hamcrest-core/1.3/hamcrest-core-1.3.jar:/usr/local/google/home/jsking/.m2/repository/org/mockito/mockito-core/3.2.4/mockito-core-3.2.4.jar:/usr/local/google/home/jsking/.m2/repository/net/bytebuddy/byte-buddy/1.10.5/byte-buddy-1.10.5.jar:/usr/local/google/home/jsking/.m2/repository/net/bytebuddy/byte-buddy-agent/1.10.5/byte-buddy-agent-1.10.5.jar:/usr/local/google/home/jsking/.m2/repository/org/objenesis/objenesis/2.6/objenesis-2.6.jar:"/>
    <property name="sun.cpu.endian" value="little"/>
    <property name="user.home" value="/usr/local/google/home/jsking"/>
    <property name="user.language" value="en"/>
    <property name="java.specification.vendor" value="Oracle Corporation"/>
    <property name="java.version.date" value="2021-06-29"/>
    <property name="java.home" value="/usr/local/buildtools/java/jdk11"/>
    <property name="file.separator" value="/"/>
    <property name="basedir" value="/usr/local/google/home/jsking/tmp/pgadapter-tmp"/>
    <property name="java.vm.compressedOopsMode" value="Zero based"/>
    <property name="line.separator" value="&#10;"/>
    <property name="java.specification.name" value="Java Platform API Specification"/>
    <property name="java.vm.specification.vendor" value="Oracle Corporation"/>
    <property name="java.awt.graphicsenv" value="sun.awt.X11GraphicsEnvironment"/>
    <property name="surefire.real.class.path" value="/usr/local/google/home/jsking/tmp/pgadapter-tmp/target/surefire/surefirebooter2597106881654866262.jar"/>
    <property name="sun.management.compiler" value="HotSpot 64-Bit Tiered Compilers"/>
    <property name="java.runtime.version" value="11.0.11+9-google-release-382113311"/>
    <property name="user.name" value="jsking"/>
    <property name="path.separator" value=":"/>
    <property name="os.version" value="5.10.28-1rodete2-amd64"/>
    <property name="java.runtime.name" value="OpenJDK Runtime Environment"/>
    <property name="file.encoding" value="UTF-8"/>
    <property name="java.vm.name" value="OpenJDK 64-Bit Server VM"/>
    <property name="localRepository" value="/usr/local/google/home/jsking/.m2/repository"/>
    <property name="java.vendor.url.bug" value="http://b.corp.google.com/createIssue?component=32554"/>
    <property name="java.io.tmpdir" value="/tmp"/>
    <property name="java.version" value="11.0.11"/>
    <property name="user.dir" value="/usr/local/google/home/jsking/tmp/pgadapter-tmp"/>
    <property name="os.arch" value="amd64"/>
    <property name="java.vm.specification.name" value="Java Virtual Machine Specification"/>
    <property name="java.awt.printerjob" value="sun.print.PSPrinterJob"/>
    <property name="sun.os.patch.level" value="unknown"/>
    <property name="java.library.path" value="/usr/java/packages/lib:/usr/lib64:/lib64:/lib:/usr/lib"/>
    <property name="java.vm.info" value="mixed mode, sharing"/>
    <property name="java.vendor" value="Google Inc."/>
    <property name="java.vm.version" value="11.0.11+9-google-release-382113311"/>
    <property name="sun.io.unicode.encoding" value="UnicodeLittle"/>
    <property name="java.class.version" value="55.0"/>
  </properties>
  <testcase name="testReturnsEmptyCommands" classname="com.google.cloud.spanner.pgadapter.metadata.CommandMetadataParserTest(sponge_log)" time="0"/>
  <testcase name="testReturnsNonNullDefaultCommands" classname="com.google.cloud.spanner.pgadapter.metadata.CommandMetadataParserTest(sponge_log)" time="0"/>
  <testcase name="testReturnsCommandsFromMetadataFile" classname="com.google.cloud.spanner.pgadapter.metadata.CommandMetadataParserTest(sponge_log)" time="0"/>
  <testcase name="testThrowsIllegalArgumentExceptionWhenJsonIsNull" classname="com.google.cloud.spanner.pgadapter.metadata.CommandMetadataParserTest(sponge_log)" time="0"/>
  <testcase name="testThrowsIllegalArgumentExceptionWhenJsonIsNotAnObject" classname="com.google.cloud.spanner.pgadapter.metadata.CommandMetadataParserTest(sponge_log)" time="0"/>
</testsuite>